<?xml version="1.0" encoding="UTF-8"?>
<testsuite xmlns:xsi="http://www.w3.org/2001/XMLSchema-instance" xsi:noNamespaceSchemaLocation="https://maven.apache.org/surefire/maven-surefire-plugin/xsd/surefire-test-report.xsd" name="epf.AppTest" time="0.66" tests="3" errors="0" skipped="0" failures="0">
  <properties>
[...]
</properties>
  <testcase name="testCreateVehicle" classname="epf.AppTest" time="0.578"/>
  <testcase name="testAddClient" classname="epf.AppTest" time="0.01"/>
  <testcase name="testDeleteReservation" classname="epf.AppTest" time="0.006"/>
</testsuite>